all.start.log [2020-02-06 16:00:05]>>>>>>>>>>>>>>>>>>>>>>>>>>>>>>>>>>>>>>>>>>>>>>>>>>>>>>>>>>>>>>>>>>>>>>>>>>>>>>
错误码：00x62
出错的行：235
文件路径：X/xx/xxxx/xxxxx/xx.xx
错误信息：阿发的手法都是谁打的舒服的
all.end.log [2020-02-06 16:00:05]>>>>>>>>>>>>>>>>>>>>>>>>>>>>>>>>>>>>>>>>>>>>>>>>>>>>>>>>>>>>>>>>>>>>>>>>>>>>>>>>
--------------------------------------------------------------------------------------------------------------------------all.start.log [2020-02-06 16:00:27]>>>>>>>>>>>>>>>>>>>>>>>>>>>>>>>>>>>>>>>>>>>>>>>>>>>>>>>>>>>>>>>>>>>>>>>>>>>>>>
错误码：00x62
出错的行：235
文件路径：X/xx/xxxx/xxxxx/xx.xx
错误信息：阿发的手法都是谁打的舒服的
all.end.log [2020-02-06 16:00:27]>>>>>>>>>>>>>>>>>>>>>>>>>>>>>>>>>>>>>>>>>>>>>>>>>>>>>>>>>>>>>>>>>>>>>>>>>>>>>>>>
--------------------------------------------------------------------------------------------------------------------------all.start.log [2020-02-06 16:01:14]>>>>>>>>>>>>>>>>>>>>>>>>>>>>>>>>>>>>>>>>>>>>>>>>>>>>>>>>>>>>>>>>>>>>>>>>>>>>>>
错误码：00x62
出错的行：235
文件路径：X/xx/xxxx/xxxxx/xx.xx
错误信息：阿发的手法都是谁打的舒服的
all.end.log [2020-02-06 16:01:14]>>>>>>>>>>>>>>>>>>>>>>>>>>>>>>>>>>>>>>>>>>>>>>>>>>>>>>>>>>>>>>>>>>>>>>>>>>>>>>>>
--------------------------------------------------------------------------------------------------------------------------
all.start.log [2020-02-06 16:01:31]>>>>>>>>>>>>>>>>>>>>>>>>>>>>>>>>>>>>>>>>>>>>>>>>>>>>>>>>>>>>>>>>>>>>>>>>>>>>>>
错误码：00x62
出错的行：235
文件路径：X/xx/xxxx/xxxxx/xx.xx
错误信息：阿发的手法都是谁打的舒服的
all.end.log [2020-02-06 16:01:31]>>>>>>>>>>>>>>>>>>>>>>>>>>>>>>>>>>>>>>>>>>>>>>>>>>>>>>>>>>>>>>>>>>>>>>>>>>>>>>>>
--------------------------------------------------------------------------------------------------------------------------
all.start.log [2020-02-06 16:01:52]>>>>>>>>>>>>>>>>>>>>>>>>>>>>>>>>>>>>>>>>>>>>>>>>>>>>>>>>>>>>>>
错误码：00x62
出错的行：235
文件路径：X/xx/xxxx/xxxxx/xx.xx
错误信息：阿发的手法都是谁打的舒服的
all.end.log [2020-02-06 16:01:52]>>>>>>>>>>>>>>>>>>>>>>>>>>>>>>>>>>>>>>>>>>>>>>>>>>>>>>>>>>>>>>>>
--------------------------------------------------------------------------------------------------------------------------
all.start.log [2020-02-06 16:02:14]>>>>>>>>>>>>>>>>>>>>>>>>>>>>>>>>>>>>>>>>>>>>>>>>>
错误码：00x62
出错的行：235
文件路径：X/xx/xxxx/xxxxx/xx.xx
错误信息：阿发的手法都是谁打的舒服的
all.end.log [2020-02-06 16:02:14]>>>>>>>>>>>>>>>>>>>>>>>>>>>>>>>>>>>>>>>>>>>>>>>>>>>
--------------------------------------------------------------------------------------------------------------------------
all.start.log [2020-02-06 16:02:44]>>>>>>>>>>>>>>>>>>>>>>>>>>>>>>>>>>>>>>>>>>>>>>>>>
错误码：00x62
出错的行：235
文件路径：X/xx/xxxx/xxxxx/xx.xx
错误信息：阿发的手法都是谁打的舒服的
all.end.log [2020-02-06 16:02:44]>>>>>>>>>>>>>>>>>>>>>>>>>>>>>>>>>>>>>>>>>>>>>>>>>>>
--------------------------------------------------------------------------------------------------------------------------
